{"meta": {"version": "6.0", "timestamp": "2021-10-04T19:29:37.625928", "branch_coverage": true, "show_contexts": false}, "files": {"validatable/__init__.py": {"executed_lines": [1, 2, 16, 62, 64, 65, 66, 67, 69, 139], "summary": {"covered_lines": 10, "num_statements": 10, "percent_covered": 100.0, "percent_covered_display": "100", "missing_lines": 0, "excluded_lines": 0, "num_branches": 0, "num_partial_branches": 0, "covered_branches": 0, "missing_branches": 0}, "missing_lines": [], "excluded_lines": []}, "validatable/engine.py": {"executed_lines": [1, 2, 4, 5, 7, 13], "summary": {"covered_lines": 6, "num_statements": 6, "percent_covered": 100.0, "percent_covered_display": "100", "missing_lines": 0, "excluded_lines": 0, "num_branches": 2, "num_partial_branches": 0, "covered_branches": 2, "missing_branches": 0}, "missing_lines": [], "excluded_lines": []}, "validatable/fields.py": {"executed_lines": [1, 3, 4, 5, 8, 37, 38, 39, 40, 41, 42, 43, 44, 46, 66, 67], "summary": {"covered_lines": 16, "num_statements": 16, "percent_covered": 100.0, "percent_covered_display": "100", "missing_lines": 0, "excluded_lines": 0, "num_branches": 0, "num_partial_branches": 0, "covered_branches": 0, "missing_branches": 0}, "missing_lines": [], "excluded_lines": []}, "validatable/generic_types.py": {"executed_lines": [1, 3, 6, 7, 12, 13, 15, 16, 17, 21, 23, 24, 25, 26, 27, 29, 31, 32, 33, 34, 35, 37, 39, 40, 41, 44, 45, 49, 50, 51, 53, 54, 55, 56, 58, 59, 60, 61, 62, 64, 66, 67, 69, 70, 71], "summary": {"covered_lines": 43, "num_statements": 43, "percent_covered": 100.0, "percent_covered_display": "100", "missing_lines": 0, "excluded_lines": 0, "num_branches": 16, "num_partial_branches": 0, "covered_branches": 16, "missing_branches": 0}, "missing_lines": [], "excluded_lines": []}, "validatable/inference.py": {"executed_lines": [1, 2, 3, 4, 5, 6, 7, 8, 10, 11, 12, 13, 14, 22, 25, 26, 27, 29, 30, 31, 33, 38, 39, 40, 41, 42, 43, 45, 46, 48, 51, 52, 53, 54, 55, 57, 60, 62, 63, 65, 66, 68, 69, 73, 74, 76, 81, 83, 84, 86, 95, 97, 102, 104, 105, 107, 108, 110, 111, 113, 116, 118, 120, 121, 123, 124, 126, 127, 129, 130, 132, 133, 135, 136, 138, 139, 141, 142, 144, 147, 148, 149, 152, 155, 156, 157, 158, 161, 162, 163, 166, 167, 171, 172, 173, 174, 175, 178, 179, 180, 182, 183, 185, 187, 188, 190, 191, 194, 195, 198, 207, 208, 213], "summary": {"covered_lines": 113, "num_statements": 113, "percent_covered": 100.0, "percent_covered_display": "100", "missing_lines": 0, "excluded_lines": 0, "num_branches": 58, "num_partial_branches": 0, "covered_branches": 58, "missing_branches": 0}, "missing_lines": [], "excluded_lines": []}, "validatable/main.py": {"executed_lines": [1, 11, 13, 14, 15, 16, 17, 18, 19, 21, 24, 25, 27, 28, 30, 31, 33, 35, 36, 38, 41, 43, 45, 46, 47, 49, 50, 51, 52, 54, 55, 57, 58, 60, 61, 63, 65, 67, 75, 77, 78, 80, 82, 83, 85, 88, 89, 91, 92, 93, 94, 95, 97, 98, 100, 102, 103, 111, 113, 114, 124, 128, 129, 137, 139, 140, 148, 150, 151, 161, 162, 164], "summary": {"covered_lines": 69, "num_statements": 69, "percent_covered": 100.0, "percent_covered_display": "100", "missing_lines": 0, "excluded_lines": 0, "num_branches": 12, "num_partial_branches": 0, "covered_branches": 12, "missing_branches": 0}, "missing_lines": [], "excluded_lines": []}, "validatable/version.py": {"executed_lines": [1], "summary": {"covered_lines": 1, "num_statements": 1, "percent_covered": 100.0, "percent_covered_display": "100", "missing_lines": 0, "excluded_lines": 0, "num_branches": 0, "num_partial_branches": 0, "covered_branches": 0, "missing_branches": 0}, "missing_lines": [], "excluded_lines": []}}, "totals": {"covered_lines": 258, "num_statements": 258, "percent_covered": 100.0, "percent_covered_display": "100", "missing_lines": 0, "excluded_lines": 0, "num_branches": 88, "num_partial_branches": 0, "covered_branches": 88, "missing_branches": 0}}