{"meta": {"version": "6.0.2", "timestamp": "2021-10-13T16:19:48.284515", "branch_coverage": true, "show_contexts": false}, "files": {"validatable/__init__.py": {"executed_lines": [1, 2, 16, 62, 64, 65, 66, 67, 69, 139], "summary": {"covered_lines": 10, "num_statements": 10, "percent_covered": 100.0, "percent_covered_display": "100", "missing_lines": 0, "excluded_lines": 0, "num_branches": 0, "num_partial_branches": 0, "covered_branches": 0, "missing_branches": 0}, "missing_lines": [], "excluded_lines": []}, "validatable/engine.py": {"executed_lines": [1, 2, 4, 5, 7, 13], "summary": {"covered_lines": 6, "num_statements": 6, "percent_covered": 100.0, "percent_covered_display": "100", "missing_lines": 0, "excluded_lines": 0, "num_branches": 2, "num_partial_branches": 0, "covered_branches": 2, "missing_branches": 0}, "missing_lines": [], "excluded_lines": []}, "validatable/fields.py": {"executed_lines": [1, 3, 4, 5, 8, 37, 38, 39, 40, 41, 42, 43, 44, 46, 66, 67], "summary": {"covered_lines": 16, "num_statements": 16, "percent_covered": 100.0, "percent_covered_display": "100", "missing_lines": 0, "excluded_lines": 0, "num_branches": 0, "num_partial_branches": 0, "covered_branches": 0, "missing_branches": 0}, "missing_lines": [], "excluded_lines": []}, "validatable/generic_types.py": {"executed_lines": [1, 3, 6, 8, 9, 11, 12, 13, 15, 18, 19, 24, 25, 27, 28, 29, 33, 35, 36, 37, 38, 39, 41, 43, 44, 45, 46, 47, 49, 51, 52, 53, 56, 57, 61, 62, 63, 64, 66, 67, 68, 70, 81, 82, 84, 93, 94, 95, 96, 98, 99, 100, 101, 102, 104, 106, 107, 109, 110, 111], "summary": {"covered_lines": 58, "num_statements": 58, "percent_covered": 100.0, "percent_covered_display": "100", "missing_lines": 0, "excluded_lines": 0, "num_branches": 18, "num_partial_branches": 0, "covered_branches": 18, "missing_branches": 0}, "missing_lines": [], "excluded_lines": []}, "validatable/inference.py": {"executed_lines": [1, 3, 4, 6, 9, 10, 11, 13, 14, 15, 17, 22, 23, 24, 27, 30, 31, 32, 33, 36, 37, 38, 41, 42, 46, 47, 48, 49, 50, 53, 54, 55, 57, 58, 60, 62, 63, 65, 66, 69, 70, 73, 82, 83, 88], "summary": {"covered_lines": 45, "num_statements": 45, "percent_covered": 100.0, "percent_covered_display": "100", "missing_lines": 0, "excluded_lines": 0, "num_branches": 14, "num_partial_branches": 0, "covered_branches": 14, "missing_branches": 0}, "missing_lines": [], "excluded_lines": []}, "validatable/main.py": {"executed_lines": [1, 11, 13, 14, 15, 16, 17, 18, 19, 21, 24, 25, 27, 28, 30, 31, 33, 35, 36, 38, 41, 43, 45, 46, 47, 49, 50, 51, 52, 54, 55, 57, 58, 60, 61, 63, 65, 67, 75, 77, 78, 80, 82, 83, 85, 88, 89, 91, 92, 93, 94, 95, 97, 98, 100, 102, 103, 111, 113, 114, 124, 128, 129, 137, 139, 140, 148, 150, 151, 161, 162, 164], "summary": {"covered_lines": 69, "num_statements": 69, "percent_covered": 100.0, "percent_covered_display": "100", "missing_lines": 0, "excluded_lines": 0, "num_branches": 12, "num_partial_branches": 0, "covered_branches": 12, "missing_branches": 0}, "missing_lines": [], "excluded_lines": []}, "validatable/type_dispatch.py": {"executed_lines": [1, 2, 3, 4, 5, 6, 7, 8, 10, 11, 12, 23, 45, 62, 65, 66, 67, 68, 70, 71, 73, 74, 75, 77, 78, 79, 80, 82, 84, 87, 88, 89, 95, 96, 98, 99, 100, 102, 104, 105, 107, 108, 111, 114, 115, 116, 117, 120, 121, 122, 125, 126, 127, 130, 131, 132, 133, 134, 137, 138, 139, 142, 143, 144, 151, 152, 153, 156, 159, 160, 163, 164, 165, 168, 169, 170, 173, 174, 175, 178, 179, 180, 183, 186, 192, 195, 198, 199, 202, 205, 206, 209, 210, 211, 214, 215, 217, 220, 228, 230, 233, 234, 235, 236, 237, 238, 239, 241, 242, 244, 245, 247, 250, 259, 261, 264, 265, 267, 270, 271, 272, 273, 276, 277, 278, 281, 282, 283, 284, 285, 286, 289, 290, 291, 293, 296, 297, 298, 301, 302, 303], "summary": {"covered_lines": 141, "num_statements": 141, "percent_covered": 100.0, "percent_covered_display": "100", "missing_lines": 0, "excluded_lines": 0, "num_branches": 18, "num_partial_branches": 0, "covered_branches": 18, "missing_branches": 0}, "missing_lines": [], "excluded_lines": []}, "validatable/version.py": {"executed_lines": [1], "summary": {"covered_lines": 1, "num_statements": 1, "percent_covered": 100.0, "percent_covered_display": "100", "missing_lines": 0, "excluded_lines": 0, "num_branches": 0, "num_partial_branches": 0, "covered_branches": 0, "missing_branches": 0}, "missing_lines": [], "excluded_lines": []}}, "totals": {"covered_lines": 346, "num_statements": 346, "percent_covered": 100.0, "percent_covered_display": "100", "missing_lines": 0, "excluded_lines": 0, "num_branches": 64, "num_partial_branches": 0, "covered_branches": 64, "missing_branches": 0}}